<?xml version="1.0" encoding="UTF-8"?>
<!-- Generated by org.testng.reporters.JUnitReportReporter -->
<testsuite hostname="DEEPA" failures="0" tests="1" name="Agiliztech_Interview_Q_AND_A.Fetch_five_fisrt_product_name_and_price" time="30.460" errors="0" timestamp="2026-02-03T17:05:39 IST" skipped="0">
  <testcase classname="Agiliztech_Interview_Q_AND_A.Fetch_five_fisrt_product_name_and_price" name="tc" time="30.460"/>
</testsuite> <!-- Agiliztech_Interview_Q_AND_A.Fetch_five_fisrt_product_name_and_price -->
