<?xml version="1.0" encoding="UTF-8"?>
<!-- Generated by org.testng.reporters.JUnitReportReporter -->
<testsuite hostname="DEEPA" failures="0" tests="1" name="Agiliztech_Interview_Q_AND_A.Kushals_App_Validate_actual_expected_features" time="11.705" errors="0" timestamp="2026-02-03T13:33:05 IST" skipped="0">
  <testcase classname="Agiliztech_Interview_Q_AND_A.Kushals_App_Validate_actual_expected_features" name="test1" time="11.705"/>
</testsuite> <!-- Agiliztech_Interview_Q_AND_A.Kushals_App_Validate_actual_expected_features -->
