<?xml version="1.0" encoding="UTF-8"?>
<testng-results ignored="0" total="1" passed="1" failed="0" skipped="0">
  <reporter-output>
  </reporter-output>
  <suite started-at="2026-02-03T13:33:31 IST" name="Default suite" finished-at="2026-02-03T13:33:42 IST" duration-ms="11072">
    <groups>
    </groups>
    <test started-at="2026-02-03T13:33:31 IST" name="Default test" finished-at="2026-02-03T13:33:42 IST" duration-ms="11072">
      <class name="Agiliztech_Interview_Q_AND_A.Validate_Social_Media_Links">
        <test-method signature="test1()[pri:0, instance:Agiliztech_Interview_Q_AND_A.Validate_Social_Media_Links@18078bef]" started-at="2026-02-03T13:33:31 IST" name="test1" finished-at="2026-02-03T13:33:42 IST" duration-ms="10965" status="PASS">
          <reporter-output>
          </reporter-output>
        </test-method> <!-- test1 -->
      </class> <!-- Agiliztech_Interview_Q_AND_A.Validate_Social_Media_Links -->
    </test> <!-- Default test -->
  </suite> <!-- Default suite -->
</testng-results>
